TN:
SF:static\js\modules\chart-manager.js
FN:20,(anonymous_0)
FN:34,(anonymous_1)
FN:49,(anonymous_2)
FN:53,(anonymous_3)
FN:81,(anonymous_4)
FN:103,(anonymous_5)
FN:109,(anonymous_6)
FN:135,(anonymous_7)
FN:145,(anonymous_8)
FN:146,(anonymous_9)
FN:147,(anonymous_10)
FN:156,(anonymous_11)
FN:157,(anonymous_12)
FN:159,(anonymous_13)
FN:175,(anonymous_14)
FN:189,(anonymous_15)
FN:199,(anonymous_16)
FN:219,(anonymous_17)
FN:231,(anonymous_18)
FN:241,(anonymous_19)
FN:249,(anonymous_20)
FN:295,(anonymous_21)
FN:310,(anonymous_22)
FN:322,(anonymous_23)
FN:333,(anonymous_24)
FN:401,(anonymous_25)
FN:411,(anonymous_26)
FN:423,(anonymous_27)
FN:477,(anonymous_28)
FN:491,(anonymous_29)
FN:498,(anonymous_30)
FN:501,(anonymous_31)
FN:532,(anonymous_32)
FN:542,(anonymous_33)
FN:570,(anonymous_34)
FN:574,(anonymous_35)
FN:588,(anonymous_36)
FNF:37
FNH:37
FNDA:3,(anonymous_0)
FNDA:1,(anonymous_1)
FNDA:14,(anonymous_2)
FNDA:15,(anonymous_3)
FNDA:5,(anonymous_4)
FNDA:1,(anonymous_5)
FNDA:1,(anonymous_6)
FNDA:3,(anonymous_7)
FNDA:5,(anonymous_8)
FNDA:5,(anonymous_9)
FNDA:5,(anonymous_10)
FNDA:5,(anonymous_11)
FNDA:1,(anonymous_12)
FNDA:3,(anonymous_13)
FNDA:1,(anonymous_14)
FNDA:50,(anonymous_15)
FNDA:2,(anonymous_16)
FNDA:6,(anonymous_17)
FNDA:13,(anonymous_18)
FNDA:2,(anonymous_19)
FNDA:4,(anonymous_20)
FNDA:1,(anonymous_21)
FNDA:1,(anonymous_22)
FNDA:4,(anonymous_23)
FNDA:3,(anonymous_24)
FNDA:1,(anonymous_25)
FNDA:1,(anonymous_26)
FNDA:3,(anonymous_27)
FNDA:3,(anonymous_28)
FNDA:1,(anonymous_29)
FNDA:3,(anonymous_30)
FNDA:3,(anonymous_31)
FNDA:2,(anonymous_32)
FNDA:2,(anonymous_33)
FNDA:1,(anonymous_34)
FNDA:2,(anonymous_35)
FNDA:1,(anonymous_36)
DA:21,3
DA:22,3
DA:23,3
DA:25,1
DA:26,1
DA:27,1
DA:28,1
DA:31,1
DA:32,1
DA:34,1
DA:35,1
DA:39,1
DA:50,14
DA:51,14
DA:53,14
DA:54,15
DA:55,15
DA:58,15
DA:59,15
DA:61,15
DA:62,2
DA:64,13
DA:67,15
DA:68,1
DA:72,14
DA:82,5
DA:83,5
DA:84,5
DA:85,5
DA:86,5
DA:87,5
DA:90,4
DA:91,4
DA:92,4
DA:95,4
DA:96,4
DA:97,3
DA:99,4
DA:100,4
DA:101,4
DA:103,4
DA:104,1
DA:107,4
DA:108,3
DA:109,3
DA:110,1
DA:114,4
DA:115,4
DA:117,4
DA:118,3
DA:119,1
DA:120,1
DA:121,2
DA:122,1
DA:123,1
DA:125,1
DA:126,1
DA:136,3
DA:137,3
DA:138,3
DA:139,3
DA:140,3
DA:141,3
DA:142,3
DA:145,5
DA:146,5
DA:147,5
DA:150,3
DA:151,3
DA:152,3
DA:155,3
DA:156,5
DA:157,1
DA:159,3
DA:161,3
DA:162,1
DA:163,1
DA:165,2
DA:166,2
DA:167,2
DA:168,2
DA:176,1
DA:177,1
DA:179,1
DA:180,50
DA:181,50
DA:182,50
DA:183,50
DA:184,50
DA:185,50
DA:186,50
DA:189,50
DA:200,2
DA:201,2
DA:202,2
DA:204,2
DA:205,2
DA:206,2
DA:221,6
DA:224,6
DA:232,13
DA:233,2
DA:242,2
DA:243,2
DA:245,1
DA:247,1
DA:249,1
DA:250,4
DA:251,3
DA:252,2
DA:253,1
DA:256,1
DA:295,1
DA:310,1
DA:314,1
DA:315,1
DA:323,4
DA:324,4
DA:325,4
DA:327,4
DA:328,4
DA:329,4
DA:330,3
DA:331,2
DA:332,2
DA:333,2
DA:334,3
DA:335,2
DA:341,1
DA:344,4
DA:401,1
DA:411,1
DA:415,4
DA:416,4
DA:424,3
DA:425,3
DA:426,3
DA:428,3
DA:429,3
DA:430,3
DA:431,3
DA:432,2
DA:434,2
DA:435,1
DA:440,1
DA:441,1
DA:449,1
DA:452,3
DA:478,3
DA:479,3
DA:480,3
DA:482,3
DA:483,3
DA:484,3
DA:485,2
DA:486,2
DA:487,1
DA:490,1
DA:491,1
DA:494,3
DA:498,3
DA:501,3
DA:533,2
DA:534,2
DA:536,1
DA:537,1
DA:539,1
DA:542,2
DA:570,1
DA:574,2
DA:588,1
DA:593,1
DA:594,1
DA:601,1
DA:602,1
LF:175
LH:175
BRDA:20,0,0,0
BRDA:23,1,0,2
BRDA:23,1,1,1
BRDA:23,2,0,3
BRDA:23,2,1,2
BRDA:61,3,0,2
BRDA:61,3,1,13
BRDA:67,4,0,1
BRDA:67,4,1,14
BRDA:81,5,0,0
BRDA:81,6,0,0
BRDA:87,7,0,1
BRDA:87,7,1,4
BRDA:96,8,0,1
BRDA:96,8,1,3
BRDA:97,9,0,2
BRDA:97,9,1,1
BRDA:107,10,0,3
BRDA:107,10,1,1
BRDA:114,11,0,3
BRDA:114,11,1,1
BRDA:115,12,0,3
BRDA:115,12,1,1
BRDA:117,13,0,3
BRDA:117,13,1,1
BRDA:118,14,0,1
BRDA:118,14,1,2
BRDA:121,15,0,1
BRDA:121,15,1,1
BRDA:146,16,0,5
BRDA:146,16,1,4
BRDA:150,17,0,2
BRDA:150,17,1,1
BRDA:151,18,0,2
BRDA:151,18,1,1
BRDA:152,19,0,2
BRDA:152,19,1,1
BRDA:156,20,0,5
BRDA:156,20,1,4
BRDA:161,21,0,1
BRDA:161,21,1,2
BRDA:162,22,0,1
BRDA:162,22,1,0
BRDA:163,23,0,1
BRDA:163,23,1,0
BRDA:165,24,0,1
BRDA:165,24,1,1
BRDA:166,25,0,1
BRDA:166,25,1,1
BRDA:167,26,0,1
BRDA:167,26,1,1
BRDA:168,27,0,1
BRDA:168,27,1,1
BRDA:204,28,0,1
BRDA:204,28,1,1
BRDA:205,29,0,1
BRDA:205,29,1,1
BRDA:206,30,0,1
BRDA:206,30,1,1
BRDA:219,31,0,1
BRDA:219,32,0,1
BRDA:221,33,0,6
BRDA:221,33,1,1
BRDA:232,34,0,2
BRDA:232,34,1,11
BRDA:243,35,0,1
BRDA:243,35,1,1
BRDA:250,36,0,1
BRDA:250,36,1,3
BRDA:251,37,0,1
BRDA:251,37,1,2
BRDA:252,38,0,1
BRDA:252,38,1,1
BRDA:324,39,0,0
BRDA:324,39,1,4
BRDA:329,40,0,3
BRDA:329,40,1,1
BRDA:332,41,0,2
BRDA:332,41,1,0
BRDA:334,42,0,2
BRDA:334,42,1,1
BRDA:334,43,0,3
BRDA:334,43,1,2
BRDA:425,44,0,0
BRDA:425,44,1,3
BRDA:430,45,0,3
BRDA:430,45,1,0
BRDA:434,46,0,1
BRDA:434,46,1,1
BRDA:436,47,0,1
BRDA:436,47,1,0
BRDA:437,48,0,1
BRDA:437,48,1,0
BRDA:438,49,0,1
BRDA:438,49,1,0
BRDA:440,50,0,1
BRDA:440,50,1,0
BRDA:442,51,0,1
BRDA:442,51,1,0
BRDA:443,52,0,1
BRDA:443,52,1,0
BRDA:444,53,0,1
BRDA:444,53,1,0
BRDA:477,54,0,0
BRDA:479,55,0,0
BRDA:479,55,1,3
BRDA:486,56,0,1
BRDA:486,56,1,1
BRDA:486,57,0,2
BRDA:486,57,1,1
BRDA:534,58,0,1
BRDA:534,58,1,1
BRF:112
BRH:94
end_of_record
TN:
SF:static\js\modules\data-service.js
FN:15,(anonymous_0)
FN:32,(anonymous_1)
FN:53,(anonymous_2)
FN:114,(anonymous_3)
FN:163,(anonymous_4)
FN:193,(anonymous_5)
FN:223,(anonymous_6)
FN:225,(anonymous_7)
FN:233,(anonymous_8)
FN:236,(anonymous_9)
FN:246,(anonymous_10)
FNF:11
FNH:11
FNDA:19,(anonymous_0)
FNDA:10,(anonymous_1)
FNDA:4,(anonymous_2)
FNDA:4,(anonymous_3)
FNDA:3,(anonymous_4)
FNDA:3,(anonymous_5)
FNDA:2,(anonymous_6)
FNDA:3,(anonymous_7)
FNDA:2,(anonymous_8)
FNDA:7,(anonymous_9)
FNDA:4,(anonymous_10)
DA:17,19
DA:20,19
DA:34,10
DA:36,10
DA:38,10
DA:39,10
DA:41,10
DA:44,9
DA:45,1
DA:46,1
DA:49,8
DA:52,7
DA:53,5
DA:61,5
DA:64,5
DA:65,4
DA:66,4
DA:67,1
DA:68,3
DA:69,2
DA:71,1
DA:75,4
DA:76,2
DA:82,5
DA:83,1
DA:87,4
DA:88,3
DA:92,4
DA:93,3
DA:98,2
DA:99,2
DA:100,2
DA:101,2
DA:115,4
DA:117,4
DA:118,3
DA:121,4
DA:122,4
DA:124,3
DA:125,1
DA:126,1
DA:129,2
DA:131,2
DA:132,1
DA:136,2
DA:137,1
DA:141,2
DA:143,2
DA:144,2
DA:145,1
DA:147,1
DA:151,4
DA:152,3
DA:164,3
DA:166,3
DA:168,3
DA:169,3
DA:170,3
DA:172,2
DA:174,2
DA:175,1
DA:178,1
DA:179,1
DA:180,1
DA:183,3
DA:194,3
DA:196,3
DA:198,3
DA:199,3
DA:200,2
DA:202,2
DA:204,2
DA:205,1
DA:208,1
DA:209,1
DA:210,1
DA:213,3
DA:224,2
DA:225,3
DA:234,2
DA:236,2
DA:237,7
DA:239,7
DA:240,3
DA:242,4
DA:243,4
DA:246,4
DA:253,1
LF:88
LH:88
BRDA:15,0,0,1
BRDA:32,1,0,0
BRDA:32,2,0,0
BRDA:32,3,0,0
BRDA:32,4,0,0
BRDA:32,5,0,0
BRDA:39,6,0,8
BRDA:39,6,1,2
BRDA:44,7,0,1
BRDA:44,7,1,8
BRDA:52,8,0,5
BRDA:52,8,1,2
BRDA:56,9,0,1
BRDA:56,9,1,3
BRDA:57,10,0,4
BRDA:57,10,1,3
BRDA:58,11,0,4
BRDA:58,11,1,4
BRDA:59,12,0,4
BRDA:59,12,1,4
BRDA:64,13,0,4
BRDA:64,13,1,1
BRDA:64,14,0,5
BRDA:64,14,1,5
BRDA:66,15,0,1
BRDA:66,15,1,3
BRDA:68,16,0,2
BRDA:68,16,1,1
BRDA:75,17,0,2
BRDA:75,17,1,2
BRDA:82,18,0,1
BRDA:82,18,1,4
BRDA:87,19,0,3
BRDA:87,19,1,1
BRDA:87,20,0,4
BRDA:87,20,1,3
BRDA:92,21,0,3
BRDA:92,21,1,1
BRDA:92,22,0,4
BRDA:92,22,1,3
BRDA:98,23,0,2
BRDA:98,23,1,0
BRDA:100,24,0,2
BRDA:100,24,1,0
BRDA:100,25,0,2
BRDA:100,25,1,2
BRDA:114,26,0,1
BRDA:114,27,0,1
BRDA:114,28,0,3
BRDA:117,29,0,3
BRDA:117,29,1,1
BRDA:117,30,0,4
BRDA:117,30,1,3
BRDA:124,31,0,1
BRDA:124,31,1,2
BRDA:126,32,0,1
BRDA:126,32,1,0
BRDA:131,33,0,1
BRDA:131,33,1,1
BRDA:131,34,0,2
BRDA:131,34,1,1
BRDA:136,35,0,1
BRDA:136,35,1,1
BRDA:136,36,0,2
BRDA:136,36,1,1
BRDA:143,37,0,2
BRDA:143,37,1,0
BRDA:143,38,0,2
BRDA:143,38,1,2
BRDA:144,39,0,1
BRDA:144,39,1,1
BRDA:144,40,0,2
BRDA:144,40,1,1
BRDA:151,41,0,3
BRDA:151,41,1,1
BRDA:151,42,0,4
BRDA:151,42,1,3
BRDA:163,43,0,1
BRDA:163,44,0,1
BRDA:166,45,0,2
BRDA:166,45,1,1
BRDA:170,46,0,1
BRDA:170,46,1,2
BRDA:174,47,0,1
BRDA:174,47,1,1
BRDA:175,48,0,1
BRDA:175,48,1,0
BRDA:179,49,0,1
BRDA:179,49,1,0
BRDA:183,50,0,2
BRDA:183,50,1,1
BRDA:193,51,0,1
BRDA:193,52,0,1
BRDA:196,53,0,2
BRDA:196,53,1,1
BRDA:200,54,0,0
BRDA:200,54,1,2
BRDA:204,55,0,1
BRDA:204,55,1,1
BRDA:205,56,0,1
BRDA:205,56,1,0
BRDA:209,57,0,1
BRDA:209,57,1,0
BRDA:213,58,0,2
BRDA:213,58,1,1
BRDA:223,59,0,0
BRDA:224,60,0,1
BRDA:224,60,1,1
BRDA:239,61,0,3
BRDA:239,61,1,4
BRDA:239,62,0,7
BRDA:239,62,1,6
BRDA:239,62,2,5
BRDA:239,62,3,4
BRDA:239,62,4,4
BRDA:242,63,0,3
BRDA:242,63,1,1
BRF:117
BRH:102
end_of_record
TN:
SF:static\js\modules\export-service.js
FN:17,(anonymous_0)
FN:30,(anonymous_1)
FN:31,(anonymous_2)
FN:54,(anonymous_3)
FN:55,(anonymous_4)
FN:75,(anonymous_5)
FN:86,(anonymous_6)
FN:91,(anonymous_7)
FN:93,(anonymous_8)
FN:113,(anonymous_9)
FN:124,(anonymous_10)
FN:141,(anonymous_11)
FN:154,(anonymous_12)
FN:165,(anonymous_13)
FN:194,(anonymous_14)
FN:196,(anonymous_15)
FN:197,(anonymous_16)
FN:198,(anonymous_17)
FN:199,(anonymous_18)
FNF:19
FNH:19
FNDA:5,(anonymous_0)
FNDA:4,(anonymous_1)
FNDA:8,(anonymous_2)
FNDA:1,(anonymous_3)
FNDA:3,(anonymous_4)
FNDA:2,(anonymous_5)
FNDA:2,(anonymous_6)
FNDA:2,(anonymous_7)
FNDA:4,(anonymous_8)
FNDA:1,(anonymous_9)
FNDA:2,(anonymous_10)
FNDA:1,(anonymous_11)
FNDA:1,(anonymous_12)
FNDA:3,(anonymous_13)
FNDA:2,(anonymous_14)
FNDA:3,(anonymous_15)
FNDA:3,(anonymous_16)
FNDA:3,(anonymous_17)
FNDA:3,(anonymous_18)
DA:18,5
DA:19,2
DA:20,2
DA:24,3
DA:27,3
DA:30,3
DA:31,4
DA:32,8
DA:34,8
DA:35,8
DA:36,3
DA:38,5
DA:43,3
DA:46,3
DA:55,3
DA:67,1
DA:76,2
DA:77,2
DA:78,1
DA:79,1
DA:82,1
DA:85,1
DA:86,2
DA:87,1
DA:90,1
DA:91,1
DA:92,2
DA:93,2
DA:94,4
DA:96,4
DA:97,1
DA:99,3
DA:101,2
DA:104,1
DA:105,1
DA:114,1
DA:115,1
DA:127,2
DA:142,1
DA:143,1
DA:145,1
DA:146,1
DA:147,1
DA:148,1
DA:150,1
DA:151,1
DA:154,1
DA:155,1
DA:156,1
DA:166,3
DA:167,3
DA:168,1
DA:170,2
DA:172,2
DA:173,2
DA:174,2
DA:175,2
DA:176,2
DA:177,2
DA:178,2
DA:179,2
DA:180,1
DA:181,1
DA:183,1
DA:184,1
DA:195,2
DA:196,3
DA:197,3
DA:198,3
DA:199,3
DA:201,2
DA:203,2
DA:223,1
LF:73
LH:73
BRDA:17,0,0,0
BRDA:17,1,0,4
BRDA:18,2,0,2
BRDA:18,2,1,3
BRDA:18,3,0,5
BRDA:18,3,1,4
BRDA:24,4,0,3
BRDA:24,4,1,2
BRDA:34,5,0,1
BRDA:34,5,1,7
BRDA:34,6,0,8
BRDA:34,6,1,7
BRDA:35,7,0,3
BRDA:35,7,1,5
BRDA:35,8,0,8
BRDA:35,8,1,6
BRDA:35,8,2,6
BRDA:54,9,0,1
BRDA:58,10,0,3
BRDA:58,10,1,0
BRDA:59,11,0,1
BRDA:59,11,1,2
BRDA:59,12,0,1
BRDA:59,12,1,1
BRDA:75,13,0,0
BRDA:77,14,0,1
BRDA:77,14,1,1
BRDA:96,15,0,1
BRDA:96,15,1,3
BRDA:96,16,0,4
BRDA:96,16,1,3
BRDA:113,17,0,0
BRDA:124,18,0,1
BRDA:198,19,0,3
BRDA:198,19,1,2
BRDA:201,20,0,1
BRDA:201,20,1,1
BRF:37
BRH:33
end_of_record
TN:
SF:static\js\modules\lazy-loader.js
FN:12,lazyLoadImages
FN:21,(anonymous_1)
FN:22,(anonymous_2)
FN:30,(anonymous_3)
FN:35,(anonymous_4)
FN:47,(anonymous_5)
FN:59,(anonymous_6)
FN:76,(anonymous_7)
FN:77,(anonymous_8)
FN:78,(anonymous_9)
FN:102,(anonymous_10)
FN:134,(anonymous_11)
FN:175,(anonymous_12)
FN:176,(anonymous_13)
FN:184,(anonymous_14)
FN:188,(anonymous_15)
FN:197,(anonymous_16)
FN:198,(anonymous_17)
FN:206,(anonymous_18)
FN:210,(anonymous_19)
FN:219,(anonymous_20)
FN:231,(anonymous_21)
FN:239,(anonymous_22)
FN:244,(anonymous_23)
FN:258,(anonymous_24)
FN:269,(anonymous_25)
FN:303,(anonymous_26)
FN:304,(anonymous_27)
FN:305,(anonymous_28)
FN:318,(anonymous_29)
FN:319,(anonymous_30)
FN:320,(anonymous_31)
FN:333,(anonymous_32)
FN:342,(anonymous_33)
FN:351,(anonymous_34)
FN:353,(anonymous_35)
FN:354,(anonymous_36)
FN:377,(anonymous_37)
FN:403,(anonymous_38)
FN:426,(anonymous_39)
FN:437,createLazyChartLoader
FN:445,createLazyModuleLoader
FNF:42
FNH:40
FNDA:3,lazyLoadImages
FNDA:3,(anonymous_1)
FNDA:3,(anonymous_2)
FNDA:1,(anonymous_3)
FNDA:1,(anonymous_4)
FNDA:3,(anonymous_5)
FNDA:10,(anonymous_6)
FNDA:10,(anonymous_7)
FNDA:5,(anonymous_8)
FNDA:5,(anonymous_9)
FNDA:7,(anonymous_10)
FNDA:7,(anonymous_11)
FNDA:2,(anonymous_12)
FNDA:2,(anonymous_13)
FNDA:1,(anonymous_14)
FNDA:0,(anonymous_15)
FNDA:2,(anonymous_16)
FNDA:2,(anonymous_17)
FNDA:1,(anonymous_18)
FNDA:0,(anonymous_19)
FNDA:1,(anonymous_20)
FNDA:2,(anonymous_21)
FNDA:1,(anonymous_22)
FNDA:1,(anonymous_23)
FNDA:4,(anonymous_24)
FNDA:6,(anonymous_25)
FNDA:1,(anonymous_26)
FNDA:1,(anonymous_27)
FNDA:1,(anonymous_28)
FNDA:1,(anonymous_29)
FNDA:2,(anonymous_30)
FNDA:1,(anonymous_31)
FNDA:1,(anonymous_32)
FNDA:1,(anonymous_33)
FNDA:3,(anonymous_34)
FNDA:1,(anonymous_35)
FNDA:1,(anonymous_36)
FNDA:3,(anonymous_37)
FNDA:4,(anonymous_38)
FNDA:1,(anonymous_39)
FNDA:2,createLazyChartLoader
FNDA:1,createLazyModuleLoader
DA:13,3
DA:19,3
DA:21,3
DA:22,3
DA:23,3
DA:24,3
DA:25,3
DA:27,3
DA:29,2
DA:30,2
DA:31,1
DA:32,1
DA:33,1
DA:35,2
DA:36,1
DA:38,2
DA:41,3
DA:47,3
DA:48,3
DA:51,3
DA:60,10
DA:67,10
DA:68,10
DA:69,10
DA:77,10
DA:78,5
DA:79,5
DA:80,5
DA:81,5
DA:83,5
DA:84,5
DA:85,5
DA:103,7
DA:107,7
DA:108,1
DA:109,1
DA:113,6
DA:114,6
DA:122,6
DA:125,6
DA:135,7
DA:137,7
DA:138,1
DA:141,6
DA:143,6
DA:144,6
DA:147,6
DA:148,1
DA:149,5
DA:150,1
DA:154,6
DA:157,5
DA:158,5
DA:160,5
DA:161,5
DA:163,5
DA:165,1
DA:166,1
DA:167,1
DA:176,2
DA:177,2
DA:178,1
DA:179,1
DA:182,1
DA:183,1
DA:184,1
DA:185,1
DA:186,1
DA:188,1
DA:189,1
DA:198,2
DA:199,2
DA:200,1
DA:201,1
DA:204,1
DA:205,1
DA:206,1
DA:207,1
DA:208,1
DA:210,1
DA:211,1
DA:220,1
DA:221,1
DA:222,1
DA:232,2
DA:233,2
DA:240,1
DA:241,1
DA:244,1
DA:245,1
DA:246,1
DA:250,1
DA:259,4
DA:260,4
DA:271,6
DA:272,2
DA:276,4
DA:277,1
DA:280,3
DA:281,3
DA:282,3
DA:284,3
DA:286,2
DA:287,2
DA:289,2
DA:290,2
DA:292,1
DA:293,1
DA:294,1
DA:304,1
DA:305,1
DA:306,1
DA:307,1
DA:308,1
DA:319,1
DA:320,2
DA:321,1
DA:325,1
DA:334,1
DA:343,1
DA:352,3
DA:353,3
DA:354,1
DA:355,1
DA:356,1
DA:357,1
DA:359,1
DA:360,1
DA:361,1
DA:378,3
DA:382,3
DA:383,1
DA:384,1
DA:387,2
DA:388,2
DA:394,2
DA:404,4
DA:406,4
DA:407,2
DA:410,2
DA:411,2
DA:412,2
DA:413,1
DA:414,1
DA:415,1
DA:416,1
DA:418,1
DA:419,1
DA:427,1
DA:428,1
DA:438,2
DA:446,1
DA:452,1
DA:453,1
DA:454,1
LF:155
LH:155
BRDA:12,0,0,0
BRDA:12,1,0,3
BRDA:23,2,0,3
BRDA:23,2,1,0
BRDA:27,3,0,2
BRDA:27,3,1,1
BRDA:59,4,0,1
BRDA:79,5,0,5
BRDA:79,5,1,0
BRDA:83,6,0,5
BRDA:83,6,1,0
BRDA:83,7,0,5
BRDA:83,7,1,5
BRDA:103,8,0,1
BRDA:103,8,1,6
BRDA:107,9,0,1
BRDA:107,9,1,6
BRDA:137,10,0,1
BRDA:137,10,1,6
BRDA:137,11,0,7
BRDA:137,11,1,7
BRDA:147,12,0,1
BRDA:147,12,1,5
BRDA:147,13,0,6
BRDA:147,13,1,4
BRDA:149,14,0,1
BRDA:149,14,1,4
BRDA:149,15,0,5
BRDA:149,15,1,2
BRDA:177,16,0,1
BRDA:177,16,1,1
BRDA:199,17,0,1
BRDA:199,17,1,1
BRDA:221,18,0,1
BRDA:221,18,1,0
BRDA:221,19,0,1
BRDA:221,19,1,1
BRDA:233,20,0,2
BRDA:233,20,1,1
BRDA:240,21,0,1
BRDA:240,21,1,0
BRDA:245,22,0,1
BRDA:245,22,1,0
BRDA:245,23,0,1
BRDA:245,23,1,1
BRDA:271,24,0,2
BRDA:271,24,1,4
BRDA:276,25,0,1
BRDA:276,25,1,3
BRDA:306,26,0,1
BRDA:306,26,1,0
BRDA:343,27,0,1
BRDA:343,27,1,1
BRDA:355,28,0,1
BRDA:355,28,1,0
BRDA:359,29,0,1
BRDA:359,29,1,0
BRDA:378,30,0,1
BRDA:378,30,1,2
BRDA:382,31,0,1
BRDA:382,31,1,2
BRDA:406,32,0,2
BRDA:406,32,1,2
BRDA:406,33,0,4
BRDA:406,33,1,2
BRDA:437,34,0,1
BRF:66
BRH:56
end_of_record
TN:
SF:static\js\modules\theme-manager.js
FN:14,(anonymous_0)
FN:25,(anonymous_1)
FN:35,(anonymous_2)
FN:49,(anonymous_3)
FN:58,(anonymous_4)
FN:73,(anonymous_5)
FN:77,(anonymous_6)
FN:92,(anonymous_7)
FN:100,(anonymous_8)
FN:112,(anonymous_9)
FNF:10
FNH:10
FNDA:7,(anonymous_0)
FNDA:2,(anonymous_1)
FNDA:3,(anonymous_2)
FNDA:6,(anonymous_3)
FNDA:7,(anonymous_4)
FNDA:7,(anonymous_5)
FNDA:2,(anonymous_6)
FNDA:3,(anonymous_7)
FNDA:2,(anonymous_8)
FNDA:1,(anonymous_9)
DA:16,7
DA:19,7
DA:26,2
DA:27,2
DA:28,2
DA:36,3
DA:37,3
DA:38,3
DA:41,3
DA:42,2
DA:50,6
DA:51,6
DA:52,6
DA:59,7
DA:60,7
DA:62,7
DA:63,5
DA:65,7
DA:66,5
DA:75,7
DA:76,2
DA:77,2
DA:78,2
DA:80,1
DA:81,1
DA:82,1
DA:93,3
DA:101,2
DA:102,1
DA:103,1
DA:104,1
DA:113,1
DA:120,1
LF:33
LH:33
BRDA:27,0,0,2
BRDA:27,0,1,1
BRDA:35,1,0,1
BRDA:36,2,0,2
BRDA:36,2,1,1
BRDA:41,3,0,2
BRDA:41,3,1,1
BRDA:41,4,0,3
BRDA:41,4,1,2
BRDA:42,5,0,1
BRDA:42,5,1,1
BRDA:62,6,0,5
BRDA:62,6,1,2
BRDA:63,7,0,2
BRDA:63,7,1,3
BRDA:65,8,0,5
BRDA:65,8,1,2
BRDA:66,9,0,2
BRDA:66,9,1,3
BRDA:75,10,0,2
BRDA:75,10,1,5
BRDA:78,11,0,1
BRDA:78,11,1,1
BRDA:101,12,0,1
BRDA:101,12,1,1
BRDA:101,13,0,2
BRDA:101,13,1,2
BRF:27
BRH:27
end_of_record
TN:
SF:static\js\modules\ui-manager.js
FN:20,(anonymous_0)
FN:39,(anonymous_1)
FN:57,(anonymous_2)
FN:59,(anonymous_3)
FN:68,(anonymous_4)
FN:78,(anonymous_5)
FN:104,(anonymous_6)
FN:147,(anonymous_7)
FN:148,(anonymous_8)
FN:150,(anonymous_9)
FN:168,(anonymous_10)
FN:195,(anonymous_11)
FN:210,(anonymous_12)
FN:219,(anonymous_13)
FN:228,(anonymous_14)
FN:245,(anonymous_15)
FN:294,(anonymous_16)
FN:307,(anonymous_17)
FN:311,(anonymous_18)
FN:325,(anonymous_19)
FN:329,(anonymous_20)
FN:330,(anonymous_21)
FN:331,(anonymous_22)
FN:349,(anonymous_23)
FN:353,(anonymous_24)
FN:366,(anonymous_25)
FN:386,(anonymous_26)
FN:394,(anonymous_27)
FN:404,(anonymous_28)
FN:418,(anonymous_29)
FN:443,(anonymous_30)
FN:466,(anonymous_31)
FN:518,(anonymous_32)
FN:523,(anonymous_33)
FN:525,(anonymous_34)
FN:533,(anonymous_35)
FN:534,(anonymous_36)
FN:570,(anonymous_37)
FN:576,(anonymous_38)
FN:576,(anonymous_39)
FN:602,(anonymous_40)
FN:673,(anonymous_41)
FNF:42
FNH:40
FNDA:23,(anonymous_0)
FNDA:1,(anonymous_1)
FNDA:8,(anonymous_2)
FNDA:64,(anonymous_3)
FNDA:8,(anonymous_4)
FNDA:64,(anonymous_5)
FNDA:1,(anonymous_6)
FNDA:4,(anonymous_7)
FNDA:8,(anonymous_8)
FNDA:8,(anonymous_9)
FNDA:2,(anonymous_10)
FNDA:6,(anonymous_11)
FNDA:5,(anonymous_12)
FNDA:2,(anonymous_13)
FNDA:2,(anonymous_14)
FNDA:5,(anonymous_15)
FNDA:2,(anonymous_16)
FNDA:1,(anonymous_17)
FNDA:2,(anonymous_18)
FNDA:1,(anonymous_19)
FNDA:2,(anonymous_20)
FNDA:2,(anonymous_21)
FNDA:2,(anonymous_22)
FNDA:3,(anonymous_23)
FNDA:2,(anonymous_24)
FNDA:3,(anonymous_25)
FNDA:1,(anonymous_26)
FNDA:1,(anonymous_27)
FNDA:3,(anonymous_28)
FNDA:3,(anonymous_29)
FNDA:2,(anonymous_30)
FNDA:4,(anonymous_31)
FNDA:0,(anonymous_32)
FNDA:1,(anonymous_33)
FNDA:1,(anonymous_34)
FNDA:4,(anonymous_35)
FNDA:8,(anonymous_36)
FNDA:1,(anonymous_37)
FNDA:0,(anonymous_38)
FNDA:1,(anonymous_39)
FNDA:1,(anonymous_40)
FNDA:1,(anonymous_41)
DA:22,23
DA:25,23
DA:28,23
DA:31,23
DA:40,1
DA:41,1
DA:42,1
DA:43,1
DA:44,1
DA:46,1
DA:47,1
DA:48,1
DA:59,8
DA:60,64
DA:61,64
DA:65,8
DA:66,8
DA:67,8
DA:68,8
DA:69,8
DA:71,8
DA:72,8
DA:78,64
DA:79,8
DA:80,8
DA:83,8
DA:95,8
DA:96,8
DA:97,8
DA:100,8
DA:103,8
DA:104,1
DA:105,1
DA:106,1
DA:107,1
DA:113,8
DA:114,1
DA:115,1
DA:116,1
DA:119,8
DA:120,1
DA:123,8
DA:124,1
DA:127,8
DA:128,1
DA:131,8
DA:132,1
DA:135,8
DA:136,1
DA:139,8
DA:140,1
DA:148,8
DA:149,4
DA:150,8
DA:152,4
DA:153,4
DA:154,4
DA:156,4
DA:157,4
DA:158,3
DA:159,2
DA:160,2
DA:161,1
DA:162,1
DA:163,1
DA:168,2
DA:169,1
DA:170,1
DA:174,4
DA:175,4
DA:176,4
DA:177,4
DA:179,4
DA:180,4
DA:181,4
DA:182,4
DA:185,4
DA:186,4
DA:189,4
DA:190,3
DA:191,3
DA:192,3
DA:195,6
DA:196,3
DA:197,3
DA:200,3
DA:211,5
DA:212,5
DA:214,4
DA:217,4
DA:218,2
DA:219,2
DA:220,2
DA:227,4
DA:228,2
DA:231,4
DA:232,1
DA:233,1
DA:234,1
DA:235,1
DA:236,1
DA:237,1
DA:238,1
DA:239,1
DA:240,1
DA:241,1
DA:245,3
DA:246,5
DA:247,5
DA:248,5
DA:249,5
DA:250,5
DA:251,5
DA:252,5
DA:253,5
DA:256,5
DA:257,5
DA:258,5
DA:259,5
DA:260,5
DA:263,5
DA:264,5
DA:266,5
DA:295,2
DA:296,1
DA:298,1
DA:308,1
DA:311,1
DA:312,2
DA:316,1
DA:317,1
DA:318,1
DA:326,1
DA:327,1
DA:329,2
DA:330,2
DA:331,2
DA:335,1
DA:336,1
DA:337,1
DA:338,1
DA:340,1
DA:341,1
DA:342,1
DA:343,1
DA:350,3
DA:351,3
DA:353,2
DA:367,3
DA:369,2
DA:371,2
DA:372,2
DA:374,2
DA:375,1
DA:376,1
DA:379,2
DA:380,2
DA:387,1
DA:388,1
DA:395,1
DA:396,1
DA:405,3
DA:406,2
DA:407,1
DA:408,1
DA:410,1
DA:411,1
DA:419,3
DA:420,3
DA:421,3
DA:423,3
DA:424,2
DA:425,2
DA:426,1
DA:428,1
DA:429,1
DA:430,1
DA:431,1
DA:432,1
DA:433,1
DA:435,1
DA:444,2
DA:445,2
DA:446,2
DA:448,2
DA:449,2
DA:450,2
DA:451,2
DA:453,2
DA:454,2
DA:455,2
DA:457,2
DA:468,4
DA:469,3
DA:470,3
DA:471,3
DA:473,3
DA:474,1
DA:475,1
DA:476,1
DA:477,1
DA:480,2
DA:486,2
DA:489,3
DA:490,3
DA:494,1
DA:495,1
DA:497,1
DA:498,1
DA:500,1
DA:506,1
DA:508,1
DA:513,1
DA:515,1
DA:516,1
DA:517,1
DA:518,1
DA:519,1
DA:521,1
DA:523,1
DA:524,1
DA:525,1
DA:534,8
DA:535,4
DA:538,3
DA:539,3
DA:540,3
DA:542,3
DA:543,3
DA:544,3
DA:551,3
DA:554,3
DA:555,3
DA:556,3
DA:558,3
DA:559,1
DA:562,2
DA:563,2
DA:564,2
DA:565,2
DA:568,2
DA:569,2
DA:570,1
DA:571,1
DA:575,2
DA:576,2
DA:577,1
DA:595,2
DA:596,2
DA:597,1
DA:598,1
DA:602,1
DA:613,2
DA:614,2
DA:652,1
DA:654,1
DA:655,1
DA:674,1
DA:675,1
DA:676,1
LF:260
LH:260
BRDA:47,0,0,1
BRDA:47,0,1,0
BRDA:47,1,0,1
BRDA:47,1,1,1
BRDA:57,2,0,0
BRDA:66,3,0,8
BRDA:66,3,1,0
BRDA:71,4,0,8
BRDA:71,4,1,0
BRDA:71,5,0,8
BRDA:71,5,1,8
BRDA:80,6,0,8
BRDA:80,6,1,0
BRDA:96,7,0,8
BRDA:96,7,1,0
BRDA:97,8,0,8
BRDA:97,8,1,0
BRDA:103,9,0,1
BRDA:103,9,1,7
BRDA:103,10,0,8
BRDA:103,10,1,1
BRDA:105,11,0,1
BRDA:105,11,1,0
BRDA:113,12,0,1
BRDA:113,12,1,7
BRDA:113,13,0,8
BRDA:113,13,1,1
BRDA:119,14,0,1
BRDA:119,14,1,7
BRDA:119,15,0,8
BRDA:119,15,1,1
BRDA:123,16,0,1
BRDA:123,16,1,7
BRDA:123,17,0,8
BRDA:123,17,1,1
BRDA:127,18,0,1
BRDA:127,18,1,7
BRDA:127,19,0,8
BRDA:127,19,1,1
BRDA:131,20,0,1
BRDA:131,20,1,7
BRDA:131,21,0,8
BRDA:131,21,1,1
BRDA:135,22,0,1
BRDA:135,22,1,7
BRDA:135,23,0,8
BRDA:135,23,1,1
BRDA:139,24,0,1
BRDA:139,24,1,7
BRDA:139,25,0,8
BRDA:139,25,1,1
BRDA:148,26,0,8
BRDA:148,26,1,6
BRDA:157,27,0,3
BRDA:157,27,1,1
BRDA:160,28,0,1
BRDA:160,28,1,1
BRDA:170,29,0,1
BRDA:170,29,1,0
BRDA:179,30,0,4
BRDA:179,30,1,0
BRDA:180,31,0,4
BRDA:180,31,1,0
BRDA:181,32,0,4
BRDA:181,32,1,0
BRDA:182,33,0,4
BRDA:182,33,1,0
BRDA:185,34,0,4
BRDA:185,34,1,0
BRDA:186,35,0,4
BRDA:186,35,1,0
BRDA:189,36,0,3
BRDA:189,36,1,1
BRDA:196,37,0,3
BRDA:196,37,1,0
BRDA:210,38,0,0
BRDA:210,39,0,0
BRDA:210,40,0,4
BRDA:212,41,0,1
BRDA:212,41,1,4
BRDA:214,42,0,1
BRDA:214,42,1,3
BRDA:217,43,0,2
BRDA:217,43,1,2
BRDA:220,44,0,2
BRDA:220,44,1,1
BRDA:220,44,2,1
BRDA:220,44,3,1
BRDA:227,45,0,1
BRDA:227,45,1,3
BRDA:227,46,0,4
BRDA:227,46,1,4
BRDA:231,47,0,1
BRDA:231,47,1,3
BRDA:248,48,0,5
BRDA:248,48,1,2
BRDA:253,49,0,1
BRDA:253,49,1,4
BRDA:253,50,0,1
BRDA:253,50,1,3
BRDA:258,51,0,5
BRDA:258,51,1,0
BRDA:259,52,0,5
BRDA:259,52,1,1
BRDA:260,53,0,5
BRDA:260,53,1,1
BRDA:263,54,0,1
BRDA:263,54,1,4
BRDA:263,55,0,2
BRDA:263,55,1,2
BRDA:264,56,0,1
BRDA:264,56,1,4
BRDA:264,57,0,2
BRDA:264,57,1,2
BRDA:294,58,0,1
BRDA:295,59,0,1
BRDA:295,59,1,1
BRDA:295,60,0,2
BRDA:295,60,1,1
BRDA:295,60,2,1
BRDA:307,61,0,1
BRDA:317,62,0,1
BRDA:317,62,1,0
BRDA:326,63,0,1
BRDA:326,63,1,0
BRDA:340,64,0,1
BRDA:340,64,1,0
BRDA:341,65,0,1
BRDA:341,65,1,0
BRDA:342,66,0,1
BRDA:342,66,1,0
BRDA:343,67,0,1
BRDA:343,67,1,0
BRDA:351,68,0,2
BRDA:351,68,1,1
BRDA:351,69,0,3
BRDA:351,69,1,1
BRDA:354,70,0,1
BRDA:354,70,1,1
BRDA:367,71,0,1
BRDA:367,71,1,2
BRDA:369,72,0,2
BRDA:369,72,1,0
BRDA:374,73,0,1
BRDA:374,73,1,1
BRDA:388,74,0,1
BRDA:388,74,1,0
BRDA:396,75,0,1
BRDA:396,75,1,0
BRDA:405,76,0,1
BRDA:405,76,1,2
BRDA:406,77,0,1
BRDA:406,77,1,1
BRDA:423,78,0,2
BRDA:423,78,1,1
BRDA:423,79,0,3
BRDA:423,79,1,2
BRDA:425,80,0,1
BRDA:425,80,1,1
BRDA:431,81,0,1
BRDA:431,81,1,0
BRDA:448,82,0,2
BRDA:448,82,1,0
BRDA:449,83,0,2
BRDA:449,83,1,0
BRDA:453,84,0,2
BRDA:453,84,1,0
BRDA:466,85,0,0
BRDA:468,86,0,3
BRDA:468,86,1,1
BRDA:468,87,0,4
BRDA:468,87,1,3
BRDA:473,88,0,1
BRDA:473,88,1,2
BRDA:475,89,0,1
BRDA:475,89,1,0
BRDA:486,90,0,2
BRDA:486,90,1,0
BRDA:495,91,0,0
BRDA:495,91,1,1
BRDA:506,92,0,1
BRDA:506,92,1,0
BRDA:535,93,0,1
BRDA:535,93,1,3
BRDA:542,94,0,3
BRDA:542,94,1,0
BRDA:543,95,0,3
BRDA:543,95,1,0
BRDA:551,96,0,3
BRDA:551,96,1,0
BRDA:558,97,0,1
BRDA:558,97,1,2
BRDA:562,98,0,2
BRDA:562,98,1,0
BRDA:563,99,0,2
BRDA:563,99,1,0
BRDA:564,100,0,2
BRDA:564,100,1,0
BRDA:565,101,0,2
BRDA:565,101,1,1
BRDA:569,102,0,1
BRDA:569,102,1,1
BRDA:581,103,0,0
BRDA:581,103,1,1
BRDA:581,104,0,1
BRDA:581,104,1,0
BRDA:582,105,0,1
BRDA:582,105,1,0
BRDA:586,106,0,1
BRDA:586,106,1,0
BRDA:587,107,0,1
BRDA:587,107,1,0
BRDA:588,108,0,1
BRDA:588,108,1,0
BRDA:596,109,0,1
BRDA:596,109,1,1
BRDA:613,110,0,2
BRDA:613,110,1,0
BRDA:623,111,0,2
BRDA:623,111,1,0
BRDA:623,111,2,0
BRDA:627,112,0,2
BRDA:627,112,1,2
BRDA:627,113,0,0
BRDA:627,113,1,2
BRDA:627,114,0,1
BRDA:627,114,1,1
BRDA:631,115,0,1
BRDA:631,115,1,1
BRDA:631,116,0,2
BRDA:631,116,1,0
BRDA:644,117,0,2
BRDA:644,117,1,1
BRDA:654,118,0,1
BRDA:654,118,1,0
BRDA:675,119,0,1
BRDA:675,119,1,0
BRF:237
BRH:181
end_of_record
TN:
SF:static\js\modules\utils.js
FN:12,escapeHtml
FN:24,escapeAttr
FN:40,safeNumber
FN:50,isValidYear
FN:60,isValidString
FN:70,formatNumber
FN:82,debounce
FN:85,debounced
FN:94,(anonymous_8)
FN:108,throttle
FN:112,throttled
FN:119,(anonymous_11)
FN:134,rafThrottle
FN:137,rafThrottled
FN:144,(anonymous_14)
FN:158,debounceImmediate
FN:161,debouncedImmediate
FN:169,(anonymous_17)
FN:188,createCancelableDebounce
FN:192,(anonymous_19)
FN:199,(anonymous_20)
FN:205,(anonymous_21)
FN:212,(anonymous_22)
FN:222,prefersReducedMotion
FN:232,getAnimationDelay
FNF:25
FNH:25
FNDA:17,escapeHtml
FNDA:10,escapeAttr
FNDA:42,safeNumber
FNDA:10,isValidYear
FNDA:8,isValidString
FNDA:9,formatNumber
FNDA:2,debounce
FNDA:4,debounced
FNDA:2,(anonymous_8)
FNDA:1,throttle
FNDA:3,throttled
FNDA:1,(anonymous_11)
FNDA:2,rafThrottle
FNDA:3,rafThrottled
FNDA:1,(anonymous_14)
FNDA:4,debounceImmediate
FNDA:5,debouncedImmediate
FNDA:3,(anonymous_17)
FNDA:4,createCancelableDebounce
FNDA:4,(anonymous_19)
FNDA:2,(anonymous_20)
FNDA:2,(anonymous_21)
FNDA:3,(anonymous_22)
FNDA:3,prefersReducedMotion
FNDA:2,getAnimationDelay
DA:13,17
DA:14,15
DA:15,15
DA:16,15
DA:25,10
DA:26,8
DA:41,42
DA:42,42
DA:51,10
DA:52,10
DA:61,8
DA:71,9
DA:72,9
DA:83,2
DA:85,2
DA:86,4
DA:89,4
DA:90,2
DA:94,4
DA:95,2
DA:96,2
DA:109,1
DA:112,1
DA:113,3
DA:115,3
DA:116,2
DA:117,2
DA:119,2
DA:120,1
DA:124,3
DA:135,2
DA:137,2
DA:138,3
DA:140,3
DA:141,1
DA:144,2
DA:145,1
DA:146,1
DA:159,4
DA:161,4
DA:162,5
DA:163,5
DA:165,5
DA:166,1
DA:169,5
DA:170,3
DA:171,3
DA:172,2
DA:176,5
DA:177,2
DA:189,4
DA:191,4
DA:193,4
DA:195,4
DA:196,1
DA:199,4
DA:200,2
DA:201,2
DA:206,2
DA:207,1
DA:208,1
DA:213,3
DA:223,3
DA:224,3
DA:233,2
DA:239,2
LF:66
LH:66
BRDA:13,0,0,2
BRDA:13,0,1,15
BRDA:13,1,0,17
BRDA:13,1,1,16
BRDA:25,2,0,2
BRDA:25,2,1,8
BRDA:25,3,0,10
BRDA:25,3,1,9
BRDA:40,4,0,40
BRDA:42,5,0,30
BRDA:42,5,1,12
BRDA:52,6,0,10
BRDA:52,6,1,7
BRDA:52,6,2,5
BRDA:61,7,0,8
BRDA:61,7,1,7
BRDA:61,7,2,6
BRDA:70,8,0,6
BRDA:72,9,0,3
BRDA:72,9,1,6
BRDA:82,10,0,0
BRDA:89,11,0,2
BRDA:89,11,1,2
BRDA:108,12,0,0
BRDA:115,13,0,2
BRDA:115,13,1,1
BRDA:140,14,0,1
BRDA:140,14,1,2
BRDA:158,15,0,0
BRDA:158,16,0,0
BRDA:163,17,0,5
BRDA:163,17,1,2
BRDA:165,18,0,1
BRDA:165,18,1,4
BRDA:171,19,0,2
BRDA:171,19,1,1
BRDA:176,20,0,2
BRDA:176,20,1,3
BRDA:188,21,0,0
BRDA:195,22,0,1
BRDA:195,22,1,3
BRDA:206,23,0,1
BRDA:206,23,1,1
BRDA:233,24,0,1
BRDA:233,24,1,1
BRF:45
BRH:40
end_of_record
TN:
SF:static\js\modules\virtual-table.js
FN:15,(anonymous_0)
FN:54,(anonymous_1)
FN:69,(anonymous_2)
FN:134,(anonymous_3)
FN:136,(anonymous_4)
FN:153,(anonymous_5)
FN:161,(anonymous_6)
FN:172,(anonymous_7)
FN:188,(anonymous_8)
FN:200,(anonymous_9)
FN:212,(anonymous_10)
FN:224,(anonymous_11)
FN:266,(anonymous_12)
FN:282,(anonymous_13)
FN:291,(anonymous_14)
FN:295,(anonymous_15)
FN:310,(anonymous_16)
FN:321,(anonymous_17)
FN:337,(anonymous_18)
FN:345,(anonymous_19)
FN:356,createVirtualTable
FNF:21
FNH:21
FNDA:7,(anonymous_0)
FNDA:7,(anonymous_1)
FNDA:7,(anonymous_2)
FNDA:7,(anonymous_3)
FNDA:2,(anonymous_4)
FNDA:1,(anonymous_5)
FNDA:1,(anonymous_6)
FNDA:2,(anonymous_7)
FNDA:4,(anonymous_8)
FNDA:1,(anonymous_9)
FNDA:6,(anonymous_10)
FNDA:11,(anonymous_11)
FNDA:1,(anonymous_12)
FNDA:3,(anonymous_13)
FNDA:2,(anonymous_14)
FNDA:1,(anonymous_15)
FNDA:1,(anonymous_16)
FNDA:2,(anonymous_17)
FNDA:2,(anonymous_18)
FNDA:1,(anonymous_19)
FNDA:2,createVirtualTable
DA:16,7
DA:17,7
DA:18,7
DA:21,7
DA:31,7
DA:32,7
DA:33,7
DA:34,7
DA:35,7
DA:36,7
DA:37,7
DA:38,7
DA:41,7
DA:42,7
DA:43,7
DA:44,7
DA:47,7
DA:56,7
DA:59,7
DA:62,7
DA:70,7
DA:73,7
DA:74,7
DA:75,7
DA:84,7
DA:85,7
DA:87,7
DA:88,7
DA:91,7
DA:92,7
DA:95,7
DA:96,7
DA:99,7
DA:100,6
DA:101,6
DA:102,6
DA:108,6
DA:109,6
DA:110,6
DA:111,6
DA:112,6
DA:116,7
DA:117,7
DA:118,7
DA:119,7
DA:122,7
DA:123,7
DA:124,7
DA:125,7
DA:126,7
DA:127,7
DA:136,7
DA:137,2
DA:139,2
DA:140,1
DA:141,1
DA:145,2
DA:146,1
DA:150,2
DA:153,2
DA:154,1
DA:155,1
DA:160,7
DA:161,7
DA:162,1
DA:164,7
DA:173,2
DA:174,1
DA:175,1
DA:176,1
DA:177,1
DA:178,1
DA:189,4
DA:190,4
DA:191,4
DA:192,4
DA:193,4
DA:201,1
DA:202,1
DA:203,1
DA:204,1
DA:205,1
DA:213,6
DA:214,6
DA:225,11
DA:226,1
DA:227,1
DA:228,1
DA:229,1
DA:233,10
DA:234,10
DA:235,10
DA:241,10
DA:242,5
DA:245,5
DA:246,5
DA:249,5
DA:250,5
DA:253,5
DA:254,5
DA:255,6
DA:256,6
DA:257,6
DA:258,6
DA:261,6
DA:264,6
DA:265,1
DA:266,1
DA:267,1
DA:271,6
DA:275,5
DA:276,5
DA:283,3
DA:292,2
DA:293,1
DA:295,1
DA:296,1
DA:298,1
DA:299,1
DA:301,1
DA:311,1
DA:312,1
DA:322,2
DA:323,1
DA:325,2
DA:326,2
DA:328,2
DA:329,2
DA:330,2
DA:338,2
DA:346,1
DA:357,2
DA:358,2
DA:359,1
DA:361,1
LF:135
LH:135
BRDA:15,0,0,0
BRDA:22,1,0,7
BRDA:22,1,1,0
BRDA:23,2,0,7
BRDA:23,2,1,1
BRDA:24,3,0,7
BRDA:24,3,1,1
BRDA:25,4,0,7
BRDA:25,4,1,7
BRDA:26,5,0,7
BRDA:26,5,1,6
BRDA:99,6,0,6
BRDA:99,6,1,1
BRDA:125,7,0,7
BRDA:125,7,1,1
BRDA:139,8,0,1
BRDA:139,8,1,1
BRDA:145,9,0,1
BRDA:145,9,1,1
BRDA:160,10,0,7
BRDA:160,10,1,0
BRDA:173,11,0,1
BRDA:173,11,1,1
BRDA:176,12,0,1
BRDA:176,12,1,0
BRDA:176,13,0,1
BRDA:176,13,1,1
BRDA:225,14,0,1
BRDA:225,14,1,10
BRDA:225,15,0,11
BRDA:225,15,1,10
BRDA:241,16,0,5
BRDA:241,16,1,5
BRDA:241,17,0,10
BRDA:241,17,1,9
BRDA:264,18,0,1
BRDA:264,18,1,5
BRDA:292,19,0,1
BRDA:292,19,1,1
BRDA:292,20,0,2
BRDA:292,20,1,2
BRDA:298,21,0,1
BRDA:298,21,1,0
BRDA:310,22,0,0
BRDA:314,23,0,0
BRDA:314,23,1,1
BRDA:322,24,0,1
BRDA:322,24,1,1
BRDA:325,25,0,2
BRDA:325,25,1,0
BRDA:356,26,0,1
BRDA:358,27,0,1
BRDA:358,27,1,1
BRF:53
BRH:45
end_of_record
